
Showing logs for build [32mcb-kubecd-environment-pr-209-9-grp7q-1[0m stage [32mfrom-build-pack[0m and container [32mstep-credential-initializer-ktzwq[0m
{"level":"info","ts":1587753857.3235965,"logger":"fallback-logger","caller":"logging/config.go:69","msg":"Fetch GitHub commit ID from kodata failed: open /var/run/ko/refs/heads/0.8.0-ns-support: no such file or directory"}
{"level":"info","ts":1587753857.324309,"logger":"fallback-logger","caller":"creds-init/main.go:40","msg":"Credentials initialized."}

Showing logs for build [32mcb-kubecd-environment-pr-209-9-grp7q-1[0m stage [32mfrom-build-pack[0m and container [32mstep-working-dir-initializer-ltlkn[0m
{"level":"info","ts":1587753858.249518,"logger":"fallback-logger","caller":"logging/config.go:69","msg":"Fetch GitHub commit ID from kodata failed: open /var/run/ko/HEAD: no such file or directory"}
{"level":"info","ts":1587753858.2510839,"logger":"fallback-logger","caller":"bash/main.go:64","msg":"Successfully executed command \"sh -c mkdir -p /workspace/source\"; output "}

Showing logs for build [32mcb-kubecd-environment-pr-209-9-grp7q-1[0m stage [32mfrom-build-pack[0m and container [32mstep-place-tools[0m

Showing logs for build [32mcb-kubecd-environment-pr-209-9-grp7q-1[0m stage [32mfrom-build-pack[0m and container [32mstep-git-source-cb-kubecd-environment-pr-209-9-grp7q-s85vp[0m
{"level":"info","ts":1587753862.3135705,"logger":"fallback-logger","caller":"logging/config.go:69","msg":"Fetch GitHub commit ID from kodata failed: open /var/run/ko/refs/heads/0.8.0-ns-support: no such file or directory"}
{"level":"info","ts":1587753863.391179,"logger":"fallback-logger","caller":"git/git.go:103","msg":"Successfully cloned https://github.com/cb-kubecd/environment-pr-209-9-boot-gke-production.git @ master in path /workspace/source"}

Showing logs for build [32mcb-kubecd-environment-pr-209-9-grp7q-1[0m stage [32mfrom-build-pack[0m and container [32mstep-git-merge[0m
Using SHAs from PULL_REFS=master:5cc253e02978b02e37b7353bac58c9596efc6fcc,1:ec015ffcaea64805793638917449b0729915922f
DEBUG: LC_ALL=C JX_LOG_LEVEL=error git fetch origin --unshallow ec015ffcaea64805793638917449b0729915922f: 5cc253e02978b02e37b7353bac58c9596efc6fcc:
DEBUG: ran git fetch --unshallow origin ec015ffcaea64805793638917449b0729915922f: 5cc253e02978b02e37b7353bac58c9596efc6fcc: in 
DEBUG: LC_ALL=C JX_LOG_LEVEL=error git branch
DEBUG: LC_ALL=C JX_LOG_LEVEL=error git checkout master
DEBUG: ran git checkout master in 
DEBUG: LC_ALL=C JX_LOG_LEVEL=error git reset --hard 5cc253e02978b02e37b7353bac58c9596efc6fcc
DEBUG: ran git reset --hard 5cc253e02978b02e37b7353bac58c9596efc6fcc in 
DEBUG: JX_LOG_LEVEL=error LC_ALL=C git clean -fd .
DEBUG: ran clean --force -d . in 
DEBUG: LC_ALL=C JX_LOG_LEVEL=error git merge ec015ffcaea64805793638917449b0729915922f
DEBUG: ran git merge ec015ffcaea64805793638917449b0729915922f in 
DEBUG: LC_ALL=C JX_LOG_LEVEL=error git log --format=%H%x1f%an%x1f%ae%x1f%cn%x1f%ce%x1f%s%n%b%x1e 5cc253e02978b02e37b7353bac58c9596efc6fcc..HEAD
Merged SHA ec015ffcaea64805793638917449b0729915922f with commit message 'chore: Promote bdd-spring-1587752976 to version 0.0.1' into base branch master

Showing logs for build [32mcb-kubecd-environment-pr-209-9-grp7q-1[0m stage [32mfrom-build-pack[0m and container [32mstep-build-helm-build[0m
WARNING: No $CHART_REPOSITORY defined so using the default value of: http://jenkins-x-chartmuseum:8080
Adding missing Helm repo: storage.googleapis.com https://storage.googleapis.com/chartmuseum.jenkins-x.io
WARNING: No secrets found on "helm/repos" due: reading the secret "helm/repos" from vault: no secret "helm/repos" not found in vault
Read credentials for https://storage.googleapis.com/chartmuseum.jenkins-x.io from vault helm/repos
Successfully added Helm repository storage.googleapis.com.
Adding missing Helm repo: jenkins-x-chartmuseum http://jenkins-x-chartmuseum:8080
WARNING: No secrets found on "helm/repos" due: reading the secret "helm/repos" from vault: no secret "helm/repos" not found in vault
Read credentials for http://jenkins-x-chartmuseum:8080 from vault helm/repos
Successfully added Helm repository jenkins-x-chartmuseum.
WARNING: No $CHART_REPOSITORY defined so using the default value of: http://jenkins-x-chartmuseum:8080
Adding missing Helm repo: chartmuseum.jenkins-x.io http://chartmuseum.jenkins-x.io
WARNING: No secrets found on "helm/repos" due: reading the secret "helm/repos" from vault: no secret "helm/repos" not found in vault
Read credentials for http://chartmuseum.jenkins-x.io from vault helm/repos
Successfully added Helm repository chartmuseum.jenkins-x.io.
